
======================================================================
RUN: 2026-02-01T21:20:06.454143+00:00
Tournament: 32916 | Strategy: new-only | Via: run_bot.py
Success: 0 | Failed: 1
======================================================================

🔴 SUBMISSION Q41935: [Short fuse] What will be the Rotten Tomatoes Rating for "Me
  SubmissionError: API returned 400: Client error '400 Bad Request' for url 'https://www.metaculus.com/api/questions/forecast/'
For more information check: https://developer.mozilla.org/en-US/docs/Web/HTTP/Status/400

======================================================================
RUN: 2026-02-01T21:48:16.425713+00:00
Tournament: 32916 | Strategy: new-only | Via: run_bot.py
Success: 0 | Failed: 1
======================================================================

🔴 SUBMISSION Q41935: [Short fuse] What will be the Rotten Tomatoes Rating for "Me
  SubmissionError: API returned 400: Client error '400 Bad Request' for url 'https://www.metaculus.com/api/questions/forecast/'
For more information check: https://developer.mozilla.org/en-US/docs/Web/HTTP/Status/400

======================================================================
RUN: 2026-02-02T14:44:11.081992+00:00
Tournament: minibench | Strategy: new-only | Via: run_bot.py
Success: 0 | Failed: 1
======================================================================

🔴 SUBMISSION Q41968: What will be the value of "Overnight Repurchase Agreements: 
  SubmissionError: API returned 400: Client error '400 Bad Request' for url 'https://www.metaculus.com/api/questions/forecast/'
For more information check: https://developer.mozilla.org/en-US/docs/Web/HTTP/Status/400

======================================================================
RUN: 2026-02-02T23:21:32.086367+00:00
Tournament: 32916 | Selection: new-only | Via: run_bot.py
Success: 0 | Failed: 1
======================================================================

🟡 OTHER Q41910: What will be Namibia's annual inflation rate for March 2026?
  ValueError: Out of range float values are not JSON compliant

======================================================================
RUN: 2026-02-02T23:55:32.241997+00:00
Tournament: 32916 | Selection: new-only | Via: run_bot.py
Success: 0 | Failed: 1
======================================================================

🟡 OTHER Q41910: What will be Namibia's annual inflation rate for March 2026?
  ValueError: Out of range float values are not JSON compliant
